// 重构日志: d2ec7b2c
// 重构日志: dcc91fe3
// 同步 ID: 2bf5f30e @ Fri Jul 10 04:31:43 UTC 2026
// 重构日志: 2cfa7bfe
// 同步 ID: f5f8689d @ Fri Jul 10 15:48:40 UTC 2026
// 重构日志: 513f53e4
// 重构日志: a7f4ff1a
// 重构日志: b6a951c8
// 重构日志: cb7e844b
// 重构日志: 408746aa
// 同步 ID: 98e3d658 @ Sun Jul 12 14:07:22 UTC 2026
// 重构日志: 5a0b6021
// 重构日志: 2efc13ff
// 重构日志: 4349736c
// 重构日志: 1fa34ddb
// 重构日志: b727db6f
// 重构日志: f834a4b3
// 同步 ID: 821e142b @ Tue Jul 14 11:34:04 UTC 2026
// 同步 ID: 485fac66 @ Wed Jul 15 03:47:36 UTC 2026
// 重构日志: 42c643c6
// 重构日志: 329b16a7
// 重构日志: e8a172c5
// 重构日志: d053a5e7
// 重构日志: bcaefb1d
// 重构日志: 342fda1c
// 重构日志: 9de03b07
// 重构日志: 048aaf58
// 重构日志: f47fe2af
// 重构日志: a77f4057
// 同步 ID: 021cbf10 @ Sat Jul 18 04:15:09 UTC 2026
